  glad.c
  animaciones.cpp
H:\Adrian\z. ingeniería informática\2º año de ingenieria informatica\2º Cuatri\CoGa\proyectosAutenticos\CoGa\proyecto\goukFightingGameV7\animaciones.cpp(36,88): warning C4244: '-=': conversión de 'double' a 'float'; posible pérdida de datos
H:\Adrian\z. ingeniería informática\2º año de ingenieria informatica\2º Cuatri\CoGa\proyectosAutenticos\CoGa\proyecto\goukFightingGameV7\animaciones.cpp(37,108): warning C4244: '-=': conversión de 'double' a 'float'; posible pérdida de datos
H:\Adrian\z. ingeniería informática\2º año de ingenieria informatica\2º Cuatri\CoGa\proyectosAutenticos\CoGa\proyecto\goukFightingGameV7\animaciones.cpp(38,116): warning C4244: '+=': conversión de 'double' a 'float'; posible pérdida de datos
H:\Adrian\z. ingeniería informática\2º año de ingenieria informatica\2º Cuatri\CoGa\proyectosAutenticos\CoGa\proyecto\goukFightingGameV7\animaciones.cpp(41,67): warning C4244: '-=': conversión de 'double' a 'float'; posible pérdida de datos
H:\Adrian\z. ingeniería informática\2º año de ingenieria informatica\2º Cuatri\CoGa\proyectosAutenticos\CoGa\proyecto\goukFightingGameV7\animaciones.cpp(42,109): warning C4244: '+=': conversión de 'double' a 'float'; posible pérdida de datos
H:\Adrian\z. ingeniería informática\2º año de ingenieria informatica\2º Cuatri\CoGa\proyectosAutenticos\CoGa\proyecto\goukFightingGameV7\animaciones.cpp(43,111): warning C4244: '+=': conversión de 'double' a 'float'; posible pérdida de datos
H:\Adrian\z. ingeniería informática\2º año de ingenieria informatica\2º Cuatri\CoGa\proyectosAutenticos\CoGa\proyecto\goukFightingGameV7\animaciones.cpp(46,72): warning C4244: '=': conversión de 'double' a 'float'; posible pérdida de datos
H:\Adrian\z. ingeniería informática\2º año de ingenieria informatica\2º Cuatri\CoGa\proyectosAutenticos\CoGa\proyecto\goukFightingGameV7\animaciones.cpp(47,74): warning C4244: '=': conversión de 'double' a 'float'; posible pérdida de datos
H:\Adrian\z. ingeniería informática\2º año de ingenieria informatica\2º Cuatri\CoGa\proyectosAutenticos\CoGa\proyecto\goukFightingGameV7\animaciones.cpp(48,77): warning C4244: '=': conversión de 'double' a 'float'; posible pérdida de datos
H:\Adrian\z. ingeniería informática\2º año de ingenieria informatica\2º Cuatri\CoGa\proyectosAutenticos\CoGa\proyecto\goukFightingGameV7\animaciones.cpp(49,80): warning C4244: '=': conversión de 'double' a 'float'; posible pérdida de datos
H:\Adrian\z. ingeniería informática\2º año de ingenieria informatica\2º Cuatri\CoGa\proyectosAutenticos\CoGa\proyecto\goukFightingGameV7\animaciones.cpp(56,89): warning C4244: '+=': conversión de 'double' a 'float'; posible pérdida de datos
H:\Adrian\z. ingeniería informática\2º año de ingenieria informatica\2º Cuatri\CoGa\proyectosAutenticos\CoGa\proyecto\goukFightingGameV7\animaciones.cpp(57,116): warning C4244: '-=': conversión de 'double' a 'float'; posible pérdida de datos
H:\Adrian\z. ingeniería informática\2º año de ingenieria informatica\2º Cuatri\CoGa\proyectosAutenticos\CoGa\proyecto\goukFightingGameV7\animaciones.cpp(58,88): warning C4244: '-=': conversión de 'double' a 'float'; posible pérdida de datos
H:\Adrian\z. ingeniería informática\2º año de ingenieria informatica\2º Cuatri\CoGa\proyectosAutenticos\CoGa\proyecto\goukFightingGameV7\animaciones.cpp(62,109): warning C4244: '-=': conversión de 'double' a 'float'; posible pérdida de datos
H:\Adrian\z. ingeniería informática\2º año de ingenieria informatica\2º Cuatri\CoGa\proyectosAutenticos\CoGa\proyecto\goukFightingGameV7\animaciones.cpp(63,111): warning C4244: '-=': conversión de 'double' a 'float'; posible pérdida de datos
H:\Adrian\z. ingeniería informática\2º año de ingenieria informatica\2º Cuatri\CoGa\proyectosAutenticos\CoGa\proyecto\goukFightingGameV7\animaciones.cpp(64,67): warning C4244: '-=': conversión de 'double' a 'float'; posible pérdida de datos
H:\Adrian\z. ingeniería informática\2º año de ingenieria informatica\2º Cuatri\CoGa\proyectosAutenticos\CoGa\proyecto\goukFightingGameV7\animaciones.cpp(109,90): warning C4244: '-=': conversión de 'double' a 'float'; posible pérdida de datos
H:\Adrian\z. ingeniería informática\2º año de ingenieria informatica\2º Cuatri\CoGa\proyectosAutenticos\CoGa\proyecto\goukFightingGameV7\animaciones.cpp(110,98): warning C4244: '+=': conversión de 'double' a 'float'; posible pérdida de datos
H:\Adrian\z. ingeniería informática\2º año de ingenieria informatica\2º Cuatri\CoGa\proyectosAutenticos\CoGa\proyecto\goukFightingGameV7\animaciones.cpp(111,49): warning C4244: '+=': conversión de 'double' a 'float'; posible pérdida de datos
H:\Adrian\z. ingeniería informática\2º año de ingenieria informatica\2º Cuatri\CoGa\proyectosAutenticos\CoGa\proyecto\goukFightingGameV7\animaciones.cpp(113,11): warning C4305: 'argumento': truncamiento de 'double' a 'float'
H:\Adrian\z. ingeniería informática\2º año de ingenieria informatica\2º Cuatri\CoGa\proyectosAutenticos\CoGa\proyecto\goukFightingGameV7\animaciones.cpp(114,61): warning C4305: '=': truncamiento de 'double' a 'float'
H:\Adrian\z. ingeniería informática\2º año de ingenieria informatica\2º Cuatri\CoGa\proyectosAutenticos\CoGa\proyecto\goukFightingGameV7\animaciones.cpp(115,63): warning C4305: '=': truncamiento de 'double' a 'float'
H:\Adrian\z. ingeniería informática\2º año de ingenieria informatica\2º Cuatri\CoGa\proyectosAutenticos\CoGa\proyecto\goukFightingGameV7\animaciones.cpp(119,61): warning C4305: '=': truncamiento de 'double' a 'float'
H:\Adrian\z. ingeniería informática\2º año de ingenieria informatica\2º Cuatri\CoGa\proyectosAutenticos\CoGa\proyecto\goukFightingGameV7\animaciones.cpp(120,63): warning C4305: '=': truncamiento de 'double' a 'float'
H:\Adrian\z. ingeniería informática\2º año de ingenieria informatica\2º Cuatri\CoGa\proyectosAutenticos\CoGa\proyecto\goukFightingGameV7\animaciones.cpp(127,90): warning C4244: '+=': conversión de 'double' a 'float'; posible pérdida de datos
H:\Adrian\z. ingeniería informática\2º año de ingenieria informatica\2º Cuatri\CoGa\proyectosAutenticos\CoGa\proyecto\goukFightingGameV7\animaciones.cpp(128,98): warning C4244: '-=': conversión de 'double' a 'float'; posible pérdida de datos
H:\Adrian\z. ingeniería informática\2º año de ingenieria informatica\2º Cuatri\CoGa\proyectosAutenticos\CoGa\proyecto\goukFightingGameV7\animaciones.cpp(130,11): warning C4305: 'argumento': truncamiento de 'double' a 'float'
H:\Adrian\z. ingeniería informática\2º año de ingenieria informatica\2º Cuatri\CoGa\proyectosAutenticos\CoGa\proyecto\goukFightingGameV7\animaciones.cpp(193,104): warning C4244: '-=': conversión de 'double' a 'float'; posible pérdida de datos
H:\Adrian\z. ingeniería informática\2º año de ingenieria informatica\2º Cuatri\CoGa\proyectosAutenticos\CoGa\proyecto\goukFightingGameV7\animaciones.cpp(210,112): warning C4244: '-=': conversión de 'double' a 'float'; posible pérdida de datos
H:\Adrian\z. ingeniería informática\2º año de ingenieria informatica\2º Cuatri\CoGa\proyectosAutenticos\CoGa\proyecto\goukFightingGameV7\animaciones.cpp(214,99): warning C4305: '=': truncamiento de 'double' a 'float'
H:\Adrian\z. ingeniería informática\2º año de ingenieria informatica\2º Cuatri\CoGa\proyectosAutenticos\CoGa\proyecto\goukFightingGameV7\animaciones.cpp(224,104): warning C4244: '-=': conversión de 'double' a 'float'; posible pérdida de datos
H:\Adrian\z. ingeniería informática\2º año de ingenieria informatica\2º Cuatri\CoGa\proyectosAutenticos\CoGa\proyecto\goukFightingGameV7\animaciones.cpp(226,11): warning C4305: 'argumento': truncamiento de 'double' a 'float'
H:\Adrian\z. ingeniería informática\2º año de ingenieria informatica\2º Cuatri\CoGa\proyectosAutenticos\CoGa\proyecto\goukFightingGameV7\animaciones.cpp(227,78): warning C4305: '=': truncamiento de 'double' a 'float'
H:\Adrian\z. ingeniería informática\2º año de ingenieria informatica\2º Cuatri\CoGa\proyectosAutenticos\CoGa\proyecto\goukFightingGameV7\animaciones.cpp(230,78): warning C4305: '=': truncamiento de 'double' a 'float'
H:\Adrian\z. ingeniería informática\2º año de ingenieria informatica\2º Cuatri\CoGa\proyectosAutenticos\CoGa\proyecto\goukFightingGameV7\animaciones.cpp(234,113): warning C4244: '+=': conversión de 'double' a 'float'; posible pérdida de datos
H:\Adrian\z. ingeniería informática\2º año de ingenieria informatica\2º Cuatri\CoGa\proyectosAutenticos\CoGa\proyecto\goukFightingGameV7\animaciones.cpp(238,85): warning C4305: '=': truncamiento de 'double' a 'float'
H:\Adrian\z. ingeniería informática\2º año de ingenieria informatica\2º Cuatri\CoGa\proyectosAutenticos\CoGa\proyecto\goukFightingGameV7\animaciones.cpp(242,84): warning C4305: '=': truncamiento de 'double' a 'float'
H:\Adrian\z. ingeniería informática\2º año de ingenieria informatica\2º Cuatri\CoGa\proyectosAutenticos\CoGa\proyecto\goukFightingGameV7\animaciones.cpp(243,91): warning C4305: '=': truncamiento de 'double' a 'float'
H:\Adrian\z. ingeniería informática\2º año de ingenieria informatica\2º Cuatri\CoGa\proyectosAutenticos\CoGa\proyecto\goukFightingGameV7\animaciones.cpp(268,114): warning C4244: '+=': conversión de 'double' a 'float'; posible pérdida de datos
H:\Adrian\z. ingeniería informática\2º año de ingenieria informatica\2º Cuatri\CoGa\proyectosAutenticos\CoGa\proyecto\goukFightingGameV7\animaciones.cpp(271,11): warning C4305: 'argumento': truncamiento de 'double' a 'float'
H:\Adrian\z. ingeniería informática\2º año de ingenieria informatica\2º Cuatri\CoGa\proyectosAutenticos\CoGa\proyecto\goukFightingGameV7\animaciones.cpp(279,104): warning C4244: '+=': conversión de 'double' a 'float'; posible pérdida de datos
H:\Adrian\z. ingeniería informática\2º año de ingenieria informatica\2º Cuatri\CoGa\proyectosAutenticos\CoGa\proyecto\goukFightingGameV7\animaciones.cpp(283,11): warning C4305: 'argumento': truncamiento de 'double' a 'float'
H:\Adrian\z. ingeniería informática\2º año de ingenieria informatica\2º Cuatri\CoGa\proyectosAutenticos\CoGa\proyecto\goukFightingGameV7\animaciones.cpp(286,76): warning C4305: '=': truncamiento de 'double' a 'float'
H:\Adrian\z. ingeniería informática\2º año de ingenieria informatica\2º Cuatri\CoGa\proyectosAutenticos\CoGa\proyecto\goukFightingGameV7\animaciones.cpp(293,76): warning C4305: '=': truncamiento de 'double' a 'float'
H:\Adrian\z. ingeniería informática\2º año de ingenieria informatica\2º Cuatri\CoGa\proyectosAutenticos\CoGa\proyecto\goukFightingGameV7\animaciones.cpp(303,73): warning C4305: '=': truncamiento de 'double' a 'float'
H:\Adrian\z. ingeniería informática\2º año de ingenieria informatica\2º Cuatri\CoGa\proyectosAutenticos\CoGa\proyecto\goukFightingGameV7\animaciones.cpp(310,106): warning C4244: '-=': conversión de 'double' a 'float'; posible pérdida de datos
H:\Adrian\z. ingeniería informática\2º año de ingenieria informatica\2º Cuatri\CoGa\proyectosAutenticos\CoGa\proyecto\goukFightingGameV7\animaciones.cpp(313,11): warning C4305: 'argumento': truncamiento de 'double' a 'float'
H:\Adrian\z. ingeniería informática\2º año de ingenieria informatica\2º Cuatri\CoGa\proyectosAutenticos\CoGa\proyecto\goukFightingGameV7\animaciones.cpp(314,76): warning C4305: '=': truncamiento de 'double' a 'float'
H:\Adrian\z. ingeniería informática\2º año de ingenieria informatica\2º Cuatri\CoGa\proyectosAutenticos\CoGa\proyecto\goukFightingGameV7\animaciones.cpp(323,76): warning C4305: '=': truncamiento de 'double' a 'float'
H:\Adrian\z. ingeniería informática\2º año de ingenieria informatica\2º Cuatri\CoGa\proyectosAutenticos\CoGa\proyecto\goukFightingGameV7\animaciones.cpp(361,106): warning C4244: '+=': conversión de 'double' a 'float'; posible pérdida de datos
H:\Adrian\z. ingeniería informática\2º año de ingenieria informatica\2º Cuatri\CoGa\proyectosAutenticos\CoGa\proyecto\goukFightingGameV7\animaciones.cpp(363,11): warning C4305: 'argumento': truncamiento de 'double' a 'float'
H:\Adrian\z. ingeniería informática\2º año de ingenieria informatica\2º Cuatri\CoGa\proyectosAutenticos\CoGa\proyecto\goukFightingGameV7\animaciones.cpp(378,106): warning C4244: '+=': conversión de 'double' a 'float'; posible pérdida de datos
H:\Adrian\z. ingeniería informática\2º año de ingenieria informatica\2º Cuatri\CoGa\proyectosAutenticos\CoGa\proyecto\goukFightingGameV7\animaciones.cpp(380,11): warning C4305: 'argumento': truncamiento de 'double' a 'float'
H:\Adrian\z. ingeniería informática\2º año de ingenieria informatica\2º Cuatri\CoGa\proyectosAutenticos\CoGa\proyecto\goukFightingGameV7\animaciones.cpp(381,76): warning C4305: '=': truncamiento de 'double' a 'float'
H:\Adrian\z. ingeniería informática\2º año de ingenieria informatica\2º Cuatri\CoGa\proyectosAutenticos\CoGa\proyecto\goukFightingGameV7\animaciones.cpp(385,77): warning C4305: '=': truncamiento de 'double' a 'float'
H:\Adrian\z. ingeniería informática\2º año de ingenieria informatica\2º Cuatri\CoGa\proyectosAutenticos\CoGa\proyecto\goukFightingGameV7\animaciones.cpp(393,106): warning C4244: '-=': conversión de 'double' a 'float'; posible pérdida de datos
H:\Adrian\z. ingeniería informática\2º año de ingenieria informatica\2º Cuatri\CoGa\proyectosAutenticos\CoGa\proyecto\goukFightingGameV7\animaciones.cpp(396,76): warning C4305: '=': truncamiento de 'double' a 'float'
H:\Adrian\z. ingeniería informática\2º año de ingenieria informatica\2º Cuatri\CoGa\proyectosAutenticos\CoGa\proyecto\goukFightingGameV7\animaciones.cpp(399,104): warning C4244: '+=': conversión de 'double' a 'float'; posible pérdida de datos
H:\Adrian\z. ingeniería informática\2º año de ingenieria informatica\2º Cuatri\CoGa\proyectosAutenticos\CoGa\proyecto\goukFightingGameV7\animaciones.cpp(401,11): warning C4305: 'argumento': truncamiento de 'double' a 'float'
H:\Adrian\z. ingeniería informática\2º año de ingenieria informatica\2º Cuatri\CoGa\proyectosAutenticos\CoGa\proyecto\goukFightingGameV7\animaciones.cpp(402,90): warning C4305: '=': truncamiento de 'double' a 'float'
H:\Adrian\z. ingeniería informática\2º año de ingenieria informatica\2º Cuatri\CoGa\proyectosAutenticos\CoGa\proyecto\goukFightingGameV7\animaciones.cpp(406,90): warning C4305: '=': truncamiento de 'double' a 'float'
H:\Adrian\z. ingeniería informática\2º año de ingenieria informatica\2º Cuatri\CoGa\proyectosAutenticos\CoGa\proyecto\goukFightingGameV7\animaciones.cpp(417,76): warning C4305: '=': truncamiento de 'double' a 'float'
H:\Adrian\z. ingeniería informática\2º año de ingenieria informatica\2º Cuatri\CoGa\proyectosAutenticos\CoGa\proyecto\goukFightingGameV7\animaciones.cpp(427,106): warning C4244: '+=': conversión de 'double' a 'float'; posible pérdida de datos
H:\Adrian\z. ingeniería informática\2º año de ingenieria informatica\2º Cuatri\CoGa\proyectosAutenticos\CoGa\proyecto\goukFightingGameV7\animaciones.cpp(429,11): warning C4305: 'argumento': truncamiento de 'double' a 'float'
H:\Adrian\z. ingeniería informática\2º año de ingenieria informatica\2º Cuatri\CoGa\proyectosAutenticos\CoGa\proyecto\goukFightingGameV7\animaciones.cpp(431,77): warning C4305: '=': truncamiento de 'double' a 'float'
H:\Adrian\z. ingeniería informática\2º año de ingenieria informatica\2º Cuatri\CoGa\proyectosAutenticos\CoGa\proyecto\goukFightingGameV7\animaciones.cpp(439,77): warning C4305: '=': truncamiento de 'double' a 'float'
H:\Adrian\z. ingeniería informática\2º año de ingenieria informatica\2º Cuatri\CoGa\proyectosAutenticos\CoGa\proyecto\goukFightingGameV7\animaciones.cpp(472,102): warning C4244: '-=': conversión de 'double' a 'float'; posible pérdida de datos
H:\Adrian\z. ingeniería informática\2º año de ingenieria informatica\2º Cuatri\CoGa\proyectosAutenticos\CoGa\proyecto\goukFightingGameV7\animaciones.cpp(474,11): warning C4305: 'argumento': truncamiento de 'double' a 'float'
H:\Adrian\z. ingeniería informática\2º año de ingenieria informatica\2º Cuatri\CoGa\proyectosAutenticos\CoGa\proyecto\goukFightingGameV7\animaciones.cpp(475,78): warning C4305: '=': truncamiento de 'double' a 'float'
H:\Adrian\z. ingeniería informática\2º año de ingenieria informatica\2º Cuatri\CoGa\proyectosAutenticos\CoGa\proyecto\goukFightingGameV7\animaciones.cpp(479,78): warning C4305: '=': truncamiento de 'double' a 'float'
H:\Adrian\z. ingeniería informática\2º año de ingenieria informatica\2º Cuatri\CoGa\proyectosAutenticos\CoGa\proyecto\goukFightingGameV7\animaciones.cpp(488,104): warning C4244: '+=': conversión de 'double' a 'float'; posible pérdida de datos
H:\Adrian\z. ingeniería informática\2º año de ingenieria informatica\2º Cuatri\CoGa\proyectosAutenticos\CoGa\proyecto\goukFightingGameV7\animaciones.cpp(490,11): warning C4305: 'argumento': truncamiento de 'double' a 'float'
H:\Adrian\z. ingeniería informática\2º año de ingenieria informatica\2º Cuatri\CoGa\proyectosAutenticos\CoGa\proyecto\goukFightingGameV7\animaciones.cpp(535,102): warning C4244: '-=': conversión de 'double' a 'float'; posible pérdida de datos
H:\Adrian\z. ingeniería informática\2º año de ingenieria informatica\2º Cuatri\CoGa\proyectosAutenticos\CoGa\proyecto\goukFightingGameV7\animaciones.cpp(537,11): warning C4305: 'argumento': truncamiento de 'double' a 'float'
H:\Adrian\z. ingeniería informática\2º año de ingenieria informatica\2º Cuatri\CoGa\proyectosAutenticos\CoGa\proyecto\goukFightingGameV7\animaciones.cpp(538,77): warning C4305: '=': truncamiento de 'double' a 'float'
H:\Adrian\z. ingeniería informática\2º año de ingenieria informatica\2º Cuatri\CoGa\proyectosAutenticos\CoGa\proyecto\goukFightingGameV7\animaciones.cpp(542,77): warning C4305: '=': truncamiento de 'double' a 'float'
H:\Adrian\z. ingeniería informática\2º año de ingenieria informatica\2º Cuatri\CoGa\proyectosAutenticos\CoGa\proyecto\goukFightingGameV7\animaciones.cpp(551,106): warning C4244: '+=': conversión de 'double' a 'float'; posible pérdida de datos
H:\Adrian\z. ingeniería informática\2º año de ingenieria informatica\2º Cuatri\CoGa\proyectosAutenticos\CoGa\proyecto\goukFightingGameV7\animaciones.cpp(553,11): warning C4305: 'argumento': truncamiento de 'double' a 'float'
H:\Adrian\z. ingeniería informática\2º año de ingenieria informatica\2º Cuatri\CoGa\proyectosAutenticos\CoGa\proyecto\goukFightingGameV7\animaciones.cpp(587,74): warning C4305: '=': truncamiento de 'double' a 'float'
H:\Adrian\z. ingeniería informática\2º año de ingenieria informatica\2º Cuatri\CoGa\proyectosAutenticos\CoGa\proyecto\goukFightingGameV7\animaciones.cpp(588,75): warning C4305: '=': truncamiento de 'double' a 'float'
  camaras.cpp
H:\Adrian\z. ingeniería informática\2º año de ingenieria informatica\2º Cuatri\CoGa\proyectosAutenticos\CoGa\proyecto\goukFightingGameV7\camaras.cpp(26,26): warning C4244: 'argumento': conversión de 'double' a 'GLsizei'; posible pérdida de datos
H:\Adrian\z. ingeniería informática\2º año de ingenieria informatica\2º Cuatri\CoGa\proyectosAutenticos\CoGa\proyecto\goukFightingGameV7\camaras.cpp(26,19): warning C4244: 'argumento': conversión de 'double' a 'GLsizei'; posible pérdida de datos
H:\Adrian\z. ingeniería informática\2º año de ingenieria informatica\2º Cuatri\CoGa\proyectosAutenticos\CoGa\proyecto\goukFightingGameV7\camaras.cpp(54,24): warning C4244: '=': conversión de 'double' a 'float'; posible pérdida de datos
H:\Adrian\z. ingeniería informática\2º año de ingenieria informatica\2º Cuatri\CoGa\proyectosAutenticos\CoGa\proyecto\goukFightingGameV7\camaras.cpp(54,53): warning C4244: '=': conversión de 'double' a 'float'; posible pérdida de datos
H:\Adrian\z. ingeniería informática\2º año de ingenieria informatica\2º Cuatri\CoGa\proyectosAutenticos\CoGa\proyecto\goukFightingGameV7\camaras.cpp(54,82): warning C4244: '=': conversión de 'double' a 'float'; posible pérdida de datos
  controles.cpp
  figuras.cpp
H:\Adrian\z. ingeniería informática\2º año de ingenieria informatica\2º Cuatri\CoGa\proyectosAutenticos\CoGa\proyecto\goukFightingGameV7\figuras.cpp(10,20): warning C4101: 'EBO': variable local sin referencia
H:\Adrian\z. ingeniería informática\2º año de ingenieria informatica\2º Cuatri\CoGa\proyectosAutenticos\CoGa\proyecto\goukFightingGameV7\figuras.cpp(106,20): warning C4101: 'EBO': variable local sin referencia
H:\Adrian\z. ingeniería informática\2º año de ingenieria informatica\2º Cuatri\CoGa\proyectosAutenticos\CoGa\proyecto\goukFightingGameV7\figuras.cpp(202,20): warning C4101: 'EBO': variable local sin referencia
H:\Adrian\z. ingeniería informática\2º año de ingenieria informatica\2º Cuatri\CoGa\proyectosAutenticos\CoGa\proyecto\goukFightingGameV7\figuras.cpp(243,20): warning C4101: 'EBO': variable local sin referencia
H:\Adrian\z. ingeniería informática\2º año de ingenieria informatica\2º Cuatri\CoGa\proyectosAutenticos\CoGa\proyecto\goukFightingGameV7\figuras.cpp(3929,20): warning C4101: 'EBO': variable local sin referencia
H:\Adrian\z. ingeniería informática\2º año de ingenieria informatica\2º Cuatri\CoGa\proyectosAutenticos\CoGa\proyecto\goukFightingGameV7\figuras.cpp(3956,20): warning C4101: 'EBO': variable local sin referencia
H:\Adrian\z. ingeniería informática\2º año de ingenieria informatica\2º Cuatri\CoGa\proyectosAutenticos\CoGa\proyecto\goukFightingGameV7\figuras.cpp(3984,20): warning C4101: 'EBO': variable local sin referencia
  funcionesDibujo.cpp
H:\Adrian\z. ingeniería informática\2º año de ingenieria informatica\2º Cuatri\CoGa\proyectosAutenticos\CoGa\proyecto\goukFightingGameV7\funcionesDibujo.cpp(61,11): warning C4101: 'j': variable local sin referencia
H:\Adrian\z. ingeniería informática\2º año de ingenieria informatica\2º Cuatri\CoGa\proyectosAutenticos\CoGa\proyecto\goukFightingGameV7\funcionesDibujo.cpp(61,8): warning C4101: 'i': variable local sin referencia
  gestionHitbox.cpp
H:\Adrian\z. ingeniería informática\2º año de ingenieria informatica\2º Cuatri\CoGa\proyectosAutenticos\CoGa\proyecto\goukFightingGameV7\gestionHitbox.cpp(54,60): warning C4244: '+=': conversión de 'double' a 'float'; posible pérdida de datos
H:\Adrian\z. ingeniería informática\2º año de ingenieria informatica\2º Cuatri\CoGa\proyectosAutenticos\CoGa\proyecto\goukFightingGameV7\gestionHitbox.cpp(61,60): warning C4244: '+=': conversión de 'double' a 'float'; posible pérdida de datos
H:\Adrian\z. ingeniería informática\2º año de ingenieria informatica\2º Cuatri\CoGa\proyectosAutenticos\CoGa\proyecto\goukFightingGameV7\gestionHitbox.cpp(68,60): warning C4244: '+=': conversión de 'double' a 'float'; posible pérdida de datos
H:\Adrian\z. ingeniería informática\2º año de ingenieria informatica\2º Cuatri\CoGa\proyectosAutenticos\CoGa\proyecto\goukFightingGameV7\gestionHitbox.cpp(69,60): warning C4244: '+=': conversión de 'double' a 'float'; posible pérdida de datos
H:\Adrian\z. ingeniería informática\2º año de ingenieria informatica\2º Cuatri\CoGa\proyectosAutenticos\CoGa\proyecto\goukFightingGameV7\gestionHitbox.cpp(79,26): warning C4244: '+=': conversión de 'double' a 'float'; posible pérdida de datos
H:\Adrian\z. ingeniería informática\2º año de ingenieria informatica\2º Cuatri\CoGa\proyectosAutenticos\CoGa\proyecto\goukFightingGameV7\gestionHitbox.cpp(105,58): warning C4244: '+=': conversión de 'double' a 'float'; posible pérdida de datos
H:\Adrian\z. ingeniería informática\2º año de ingenieria informatica\2º Cuatri\CoGa\proyectosAutenticos\CoGa\proyecto\goukFightingGameV7\gestionHitbox.cpp(115,26): warning C4244: '+=': conversión de 'double' a 'float'; posible pérdida de datos
H:\Adrian\z. ingeniería informática\2º año de ingenieria informatica\2º Cuatri\CoGa\proyectosAutenticos\CoGa\proyecto\goukFightingGameV7\gestionHitbox.cpp(142,54): warning C4244: '+=': conversión de 'double' a 'float'; posible pérdida de datos
H:\Adrian\z. ingeniería informática\2º año de ingenieria informatica\2º Cuatri\CoGa\proyectosAutenticos\CoGa\proyecto\goukFightingGameV7\gestionHitbox.cpp(143,54): warning C4244: '+=': conversión de 'double' a 'float'; posible pérdida de datos
H:\Adrian\z. ingeniería informática\2º año de ingenieria informatica\2º Cuatri\CoGa\proyectosAutenticos\CoGa\proyecto\goukFightingGameV7\gestionHitbox.cpp(207,39): warning C4244: '=': conversión de 'double' a 'float'; posible pérdida de datos
H:\Adrian\z. ingeniería informática\2º año de ingenieria informatica\2º Cuatri\CoGa\proyectosAutenticos\CoGa\proyecto\goukFightingGameV7\gestionHitbox.cpp(208,39): warning C4244: '=': conversión de 'double' a 'float'; posible pérdida de datos
H:\Adrian\z. ingeniería informática\2º año de ingenieria informatica\2º Cuatri\CoGa\proyectosAutenticos\CoGa\proyecto\goukFightingGameV7\gestionHitbox.cpp(216,40): warning C4244: '=': conversión de 'double' a 'float'; posible pérdida de datos
H:\Adrian\z. ingeniería informática\2º año de ingenieria informatica\2º Cuatri\CoGa\proyectosAutenticos\CoGa\proyecto\goukFightingGameV7\gestionHitbox.cpp(217,40): warning C4244: '=': conversión de 'double' a 'float'; posible pérdida de datos
  luces.cpp
  main.cpp
H:\Adrian\z. ingeniería informática\2º año de ingenieria informatica\2º Cuatri\CoGa\proyectosAutenticos\CoGa\proyecto\goukFightingGameV7\main.cpp(96,26): warning C4244: 'inicializando': conversión de 'double' a 'float'; posible pérdida de datos
H:\Adrian\z. ingeniería informática\2º año de ingenieria informatica\2º Cuatri\CoGa\proyectosAutenticos\CoGa\proyecto\goukFightingGameV7\main.cpp(376,79): warning C4244: '+=': conversión de 'double' a 'float'; posible pérdida de datos
H:\Adrian\z. ingeniería informática\2º año de ingenieria informatica\2º Cuatri\CoGa\proyectosAutenticos\CoGa\proyecto\goukFightingGameV7\main.cpp(377,69): warning C4244: '+=': conversión de 'double' a 'float'; posible pérdida de datos
H:\Adrian\z. ingeniería informática\2º año de ingenieria informatica\2º Cuatri\CoGa\proyectosAutenticos\CoGa\proyecto\goukFightingGameV7\main.cpp(448,22): warning C4244: '+=': conversión de 'double' a 'float'; posible pérdida de datos
H:\Adrian\z. ingeniería informática\2º año de ingenieria informatica\2º Cuatri\CoGa\proyectosAutenticos\CoGa\proyecto\goukFightingGameV7\main.cpp(495,30): warning C4553: "==": el resultado de la expresión no se usa. ¿Quiso decir "="?
H:\Adrian\z. ingeniería informática\2º año de ingenieria informatica\2º Cuatri\CoGa\proyectosAutenticos\CoGa\proyecto\goukFightingGameV7\main.cpp(446,6): warning C4101: 'caminarORetroceder': variable local sin referencia
H:\Adrian\z. ingeniería informática\2º año de ingenieria informatica\2º Cuatri\CoGa\proyectosAutenticos\CoGa\proyecto\goukFightingGameV7\main.cpp(742,33): warning C4244: '+=': conversión de 'double' a 'float'; posible pérdida de datos
H:\Adrian\z. ingeniería informática\2º año de ingenieria informatica\2º Cuatri\CoGa\proyectosAutenticos\CoGa\proyecto\goukFightingGameV7\main.cpp(751,33): warning C4244: '+=': conversión de 'double' a 'float'; posible pérdida de datos
H:\Adrian\z. ingeniería informática\2º año de ingenieria informatica\2º Cuatri\CoGa\proyectosAutenticos\CoGa\proyecto\goukFightingGameV7\main.cpp(1024,12): warning C4244: 'argumento': conversión de 'time_t' a 'unsigned int'; posible pérdida de datos
  sonidos.cpp
  texturas.cpp
H:\Adrian\z. ingeniería informática\2º año de ingenieria informatica\2º Cuatri\CoGa\proyectosAutenticos\CoGa\proyecto\goukFightingGameV7\texturas.cpp(65,79): warning C4305: '=': truncamiento de 'double' a 'float'
H:\Adrian\z. ingeniería informática\2º año de ingenieria informatica\2º Cuatri\CoGa\proyectosAutenticos\CoGa\proyecto\goukFightingGameV7\texturas.cpp(66,79): warning C4305: '=': truncamiento de 'double' a 'float'
H:\Adrian\z. ingeniería informática\2º año de ingenieria informatica\2º Cuatri\CoGa\proyectosAutenticos\CoGa\proyecto\goukFightingGameV7\texturas.cpp(70,79): warning C4305: '=': truncamiento de 'double' a 'float'
H:\Adrian\z. ingeniería informática\2º año de ingenieria informatica\2º Cuatri\CoGa\proyectosAutenticos\CoGa\proyecto\goukFightingGameV7\texturas.cpp(71,79): warning C4305: '=': truncamiento de 'double' a 'float'
H:\Adrian\z. ingeniería informática\2º año de ingenieria informatica\2º Cuatri\CoGa\proyectosAutenticos\CoGa\proyecto\goukFightingGameV7\texturas.cpp(82,73): warning C4305: '=': truncamiento de 'double' a 'float'
H:\Adrian\z. ingeniería informática\2º año de ingenieria informatica\2º Cuatri\CoGa\proyectosAutenticos\CoGa\proyecto\goukFightingGameV7\texturas.cpp(102,73): warning C4305: '=': truncamiento de 'double' a 'float'
H:\Adrian\z. ingeniería informática\2º año de ingenieria informatica\2º Cuatri\CoGa\proyectosAutenticos\CoGa\proyecto\goukFightingGameV7\texturas.cpp(114,79): warning C4305: '=': truncamiento de 'double' a 'float'
H:\Adrian\z. ingeniería informática\2º año de ingenieria informatica\2º Cuatri\CoGa\proyectosAutenticos\CoGa\proyecto\goukFightingGameV7\texturas.cpp(115,79): warning C4305: '=': truncamiento de 'double' a 'float'
H:\Adrian\z. ingeniería informática\2º año de ingenieria informatica\2º Cuatri\CoGa\proyectosAutenticos\CoGa\proyecto\goukFightingGameV7\texturas.cpp(119,79): warning C4305: '=': truncamiento de 'double' a 'float'
H:\Adrian\z. ingeniería informática\2º año de ingenieria informatica\2º Cuatri\CoGa\proyectosAutenticos\CoGa\proyecto\goukFightingGameV7\texturas.cpp(120,79): warning C4305: '=': truncamiento de 'double' a 'float'
H:\Adrian\z. ingeniería informática\2º año de ingenieria informatica\2º Cuatri\CoGa\proyectosAutenticos\CoGa\proyecto\goukFightingGameV7\texturas.cpp(131,73): warning C4305: '=': truncamiento de 'double' a 'float'
H:\Adrian\z. ingeniería informática\2º año de ingenieria informatica\2º Cuatri\CoGa\proyectosAutenticos\CoGa\proyecto\goukFightingGameV7\texturas.cpp(151,73): warning C4305: '=': truncamiento de 'double' a 'float'
  tiempo.cpp
H:\Adrian\z. ingeniería informática\2º año de ingenieria informatica\2º Cuatri\CoGa\proyectosAutenticos\CoGa\proyecto\goukFightingGameV7\tiempo.cpp(22,24): warning C4244: '=': conversión de 'double' a 'float'; posible pérdida de datos
  Generando código...
H:\Adrian\z. ingeniería informática\2º año de ingenieria informatica\2º Cuatri\CoGa\proyectosAutenticos\CoGa\proyecto\goukFightingGameV7\gestionHitbox.cpp(408): warning C4715: 'hitBoxGolpe': no todas las rutas de acceso de control devuelven un valor
  LINK : no se encontró H:\Adrian\z. ingeniería informática\2º año de ingenieria informatica\2º Cuatri\CoGa\proyectosAutenticos\CoGa\proyecto\goukFightingGameV7\Debug\goukFightingGameV7.exe o no lo generó el último vínculo incremental; ejecutando vínculo completo
LINK : warning LNK4098: la biblioteca predeterminada'MSVCRT' entra en conflicto con otras bibliotecas; use la biblioteca /NODEFAULTLIB:biblioteca
  goukFightingGameV7.vcxproj -> H:\Adrian\z. ingeniería informática\2º año de ingenieria informatica\2º Cuatri\CoGa\proyectosAutenticos\CoGa\proyecto\goukFightingGameV7\Debug\goukFightingGameV7.exe
